2023-04-03 03:29:37.940801 - Initialized conversion of CBT890
2023-04-03 03:29:41.115029 - Received CBT.V504.FILE890.PDS from FILE890.XMI 
2023-04-03 03:29:41.118536 - Found $$$#DATE.txt (text/plain) in CBT.V504.FILE890.PDS, moved to PDS/$$$#DATE
2023-04-03 03:29:41.119945 - Found $$INTRO1.txt (text/plain) in CBT.V504.FILE890.PDS, moved to PDS/$$INTRO1
2023-04-03 03:29:41.121199 - Found $$NOTE01.txt (text/plain) in CBT.V504.FILE890.PDS, moved to PDS/$$NOTE01
2023-04-03 03:29:41.122415 - Found $DOCKEY.txt (text/plain) in CBT.V504.FILE890.PDS, moved to PDS/$DOCKEY
2023-04-03 03:29:41.123716 - Found $FREENOW.txt (text/plain) in CBT.V504.FILE890.PDS, moved to PDS/$FREENOW
2023-04-03 03:29:41.124938 - Found $GUIDES1.txt (text/plain) in CBT.V504.FILE890.PDS, moved to PDS/$GUIDES1
2023-04-03 03:29:41.126127 - Found $GUIDES2.txt (text/plain) in CBT.V504.FILE890.PDS, moved to PDS/$GUIDES2
2023-04-03 03:29:41.127092 - Found $LINKS.txt (text/plain) in CBT.V504.FILE890.PDS, moved to PDS/$LINKS
2023-04-03 03:29:41.128521 - Found @FILE890.txt (text/plain) in CBT.V504.FILE890.PDS, moved to PDS/@FILE890
2023-04-03 03:29:41.129828 - Found HELLO.jcl (text/plain) in CBT.V504.FILE890.PDS, moved to PDS/HELLO
2023-04-03 03:29:41.130834 - Found HELLO1.jcl (text/plain) in CBT.V504.FILE890.PDS, moved to PDS/HELLO1
2023-04-03 03:29:41.132330 - Found HELLO2.jcl (text/plain) in CBT.V504.FILE890.PDS, moved to PDS/HELLO2
2023-04-03 03:29:41.134579 - De-xmi-ed SCB00 to CBT890/docs/SCB00.pdf
2023-04-03 03:29:41.137311 - De-xmi-ed SCB01 to CBT890/docs/SCB01.pdf
2023-04-03 03:29:41.139687 - De-xmi-ed SCB02 to CBT890/docs/SCB02.pdf
2023-04-03 03:29:41.142009 - De-xmi-ed SCB03 to CBT890/docs/SCB03.pdf
2023-04-03 03:29:41.144045 - De-xmi-ed SCB04 to CBT890/docs/SCB04.pdf
2023-04-03 03:29:41.145869 - De-xmi-ed SCB05 to CBT890/docs/SCB05.pdf
2023-04-03 03:29:41.147876 - De-xmi-ed SCB06 to CBT890/docs/SCB06.pdf
2023-04-03 03:29:41.149858 - De-xmi-ed SCB07 to CBT890/docs/SCB07.pdf
2023-04-03 03:29:41.151785 - De-xmi-ed SCB08 to CBT890/docs/SCB08.pdf
2023-04-03 03:29:41.153790 - De-xmi-ed SCB09 to CBT890/docs/SCB09.pdf
2023-04-03 03:29:41.156606 - De-xmi-ed SCB10 to CBT890/docs/SCB10.pdf
2023-04-03 03:29:41.158838 - De-xmi-ed SCB11 to CBT890/docs/SCB11.pdf
2023-04-03 03:29:41.161209 - De-xmi-ed SCB12 to CBT890/docs/SCB12.pdf
2023-04-03 03:29:41.163296 - De-xmi-ed SCB13 to CBT890/docs/SCB13.pdf
2023-04-03 03:29:41.165897 - De-xmi-ed SCB14 to CBT890/docs/SCB14.pdf
2023-04-03 03:29:41.167771 - De-xmi-ed SCB15 to CBT890/docs/SCB15.pdf
2023-04-03 03:29:41.170193 - De-xmi-ed SCB16 to CBT890/docs/SCB16.pdf
2023-04-03 03:29:41.172016 - De-xmi-ed SCB17 to CBT890/docs/SCB17.pdf
2023-04-03 03:29:41.173950 - De-xmi-ed SCB18 to CBT890/docs/SCB18.pdf
2023-04-03 03:29:41.176052 - De-xmi-ed SCB19 to CBT890/docs/SCB19.pdf
2023-04-03 03:29:41.178144 - De-xmi-ed SCB20 to CBT890/docs/SCB20.pdf
2023-04-03 03:29:41.180529 - De-xmi-ed SEPL to CBT890/docs/SEPL.pdf
2023-04-03 03:29:41.182479 - De-xmi-ed SIG00 to CBT890/docs/SIG00.pdf
2023-04-03 03:29:41.185171 - De-xmi-ed SIG01 to CBT890/docs/SIG01.pdf
2023-04-03 03:29:41.187591 - De-xmi-ed SIG02 to CBT890/docs/SIG02.pdf
2023-04-03 03:29:41.189804 - De-xmi-ed SIG03 to CBT890/docs/SIG03.pdf
2023-04-03 03:29:41.191893 - De-xmi-ed SIG04 to CBT890/docs/SIG04.pdf
2023-04-03 03:29:41.194341 - De-xmi-ed SIG05 to CBT890/docs/SIG05.pdf
2023-04-03 03:29:41.196560 - De-xmi-ed SIG06 to CBT890/docs/SIG06.pdf
2023-04-03 03:29:41.198792 - De-xmi-ed SIG07 to CBT890/docs/SIG07.pdf
2023-04-03 03:29:41.200748 - De-xmi-ed SIG08 to CBT890/docs/SIG08.pdf
2023-04-03 03:29:41.202572 - De-xmi-ed SIG09 to CBT890/docs/SIG09.pdf
2023-04-03 03:29:41.204392 - De-xmi-ed SIG10 to CBT890/docs/SIG10.pdf
2023-04-03 03:29:41.206104 - De-xmi-ed SIG11 to CBT890/docs/SIG11.pdf
2023-04-03 03:29:41.207921 - De-xmi-ed SIG12 to CBT890/docs/SIG12.pdf
2023-04-03 03:29:41.209797 - De-xmi-ed SIG13 to CBT890/docs/SIG13.pdf
2023-04-03 03:29:41.211712 - De-xmi-ed SIG14 to CBT890/docs/SIG14.pdf
2023-04-03 03:29:41.213723 - De-xmi-ed SIG15 to CBT890/docs/SIG15.pdf
2023-04-03 03:29:41.215799 - De-xmi-ed SIG16 to CBT890/docs/SIG16.pdf
2023-04-03 03:29:41.217727 - De-xmi-ed SIG17 to CBT890/docs/SIG17.pdf
2023-04-03 03:29:41.219688 - De-xmi-ed SIG18 to CBT890/docs/SIG18.pdf
2023-04-03 03:29:41.221560 - De-xmi-ed SIG19 to CBT890/docs/SIG19.pdf
2023-04-03 03:29:41.223522 - De-xmi-ed SIG20 to CBT890/docs/SIG20.pdf
2023-04-03 03:29:41.225562 - De-xmi-ed SIG21 to CBT890/docs/SIG21.pdf
2023-04-03 03:29:41.227770 - De-xmi-ed SIG22 to CBT890/docs/SIG22.pdf
2023-04-03 03:29:41.507278 - Found SIMULA.xmi (application/xmit) in CBT.V504.FILE890.PDS
2023-04-03 03:29:41.812963   - Received RECFM=U data, stored XMIT file as CBT890/SIMULA.xmi
2023-04-03 03:29:41.815113 - De-xmi-ed SLP00 to CBT890/docs/SLP00.pdf
2023-04-03 03:29:41.817208 - De-xmi-ed SLP01 to CBT890/docs/SLP01.pdf
2023-04-03 03:29:41.819151 - De-xmi-ed SLP02 to CBT890/docs/SLP02.pdf
2023-04-03 03:29:41.821703 - De-xmi-ed SLP03 to CBT890/docs/SLP03.pdf
2023-04-03 03:29:41.823905 - De-xmi-ed SLP04 to CBT890/docs/SLP04.pdf
2023-04-03 03:29:41.826050 - De-xmi-ed SLP05 to CBT890/docs/SLP05.pdf
2023-04-03 03:29:41.828325 - De-xmi-ed SLP06 to CBT890/docs/SLP06.pdf
2023-04-03 03:29:41.830277 - De-xmi-ed SLP07 to CBT890/docs/SLP07.pdf
2023-04-03 03:29:41.832338 - De-xmi-ed SLP08 to CBT890/docs/SLP08.pdf
2023-04-03 03:29:41.834163 - De-xmi-ed SLP09 to CBT890/docs/SLP09.pdf
2023-04-03 03:29:41.836253 - De-xmi-ed SLP10 to CBT890/docs/SLP10.pdf
2023-04-03 03:29:41.838576 - De-xmi-ed SLP11 to CBT890/docs/SLP11.pdf
2023-04-03 03:29:41.840878 - De-xmi-ed SLP12 to CBT890/docs/SLP12.pdf
2023-04-03 03:29:41.843162 - De-xmi-ed SLP13 to CBT890/docs/SLP13.pdf
2023-04-03 03:29:41.845410 - De-xmi-ed SPG00 to CBT890/docs/SPG00.pdf
2023-04-03 03:29:41.847342 - De-xmi-ed SPG01 to CBT890/docs/SPG01.pdf
2023-04-03 03:29:41.850119 - De-xmi-ed SPG02 to CBT890/docs/SPG02.pdf
2023-04-03 03:29:41.852230 - De-xmi-ed SPG03 to CBT890/docs/SPG03.pdf
2023-04-03 03:29:41.854499 - De-xmi-ed SPG04 to CBT890/docs/SPG04.pdf
2023-04-03 03:29:41.857302 - De-xmi-ed SPG05 to CBT890/docs/SPG05.pdf
2023-04-03 03:29:41.859929 - De-xmi-ed SPG06 to CBT890/docs/SPG06.pdf
2023-04-03 03:29:41.862475 - De-xmi-ed SPG07 to CBT890/docs/SPG07.pdf
2023-04-03 03:29:41.864429 - De-xmi-ed SPG9A to CBT890/docs/SPG9A.pdf
2023-04-03 03:29:41.867786 - De-xmi-ed SPG9B to CBT890/docs/SPG9B.pdf
2023-04-03 03:29:41.870490 - De-xmi-ed SPG9C to CBT890/docs/SPG9C.pdf
2023-04-03 03:29:41.872826 - De-xmi-ed SPG9D to CBT890/docs/SPG9D.pdf
2023-04-03 03:29:41.874936 - De-xmi-ed SPG9E to CBT890/docs/SPG9E.pdf
2023-04-03 03:29:41.877134 - De-xmi-ed SPG9F to CBT890/docs/SPG9F.pdf
2023-04-03 03:29:41.879157 - De-xmi-ed SPG9G to CBT890/docs/SPG9G.pdf
2023-04-03 03:29:41.881186 - De-xmi-ed SPG9H to CBT890/docs/SPG9H.pdf
2023-04-03 03:29:41.883306 - De-xmi-ed SPG9I to CBT890/docs/SPG9I.pdf
2023-04-03 03:29:41.885530 - De-xmi-ed SPG9J to CBT890/docs/SPG9J.pdf
2023-04-03 03:29:41.887523 - De-xmi-ed SPG9K to CBT890/docs/SPG9K.pdf
2023-04-03 03:29:41.889530 - De-xmi-ed SUG00 to CBT890/docs/SUG00.pdf
2023-04-03 03:29:41.891977 - De-xmi-ed SUG01 to CBT890/docs/SUG01.pdf
2023-04-03 03:29:41.895542 - De-xmi-ed SUG02 to CBT890/docs/SUG02.pdf
2023-04-03 03:29:41.898882 - De-xmi-ed SUG03 to CBT890/docs/SUG03.pdf
2023-04-03 03:29:41.901606 - De-xmi-ed SUG9A to CBT890/docs/SUG9A.pdf
2023-04-03 03:29:41.904291 - De-xmi-ed SUG9R to CBT890/docs/SUG9R.pdf
2023-04-03 03:29:41.905379 - Found ZOSZAP.jcl (text/plain) in CBT.V504.FILE890.PDS, moved to PDS/ZOSZAP
2023-04-03 03:29:41.906546 - Found ZOSZAP1.jcl (text/plain) in CBT.V504.FILE890.PDS, moved to PDS/ZOSZAP1
